
Deleted existing reports. , Time :11:46:48 AM

Publish Start. , Time :11:46:48 AM

Commands 'Blank Comment' Processed. , Time :11:46:48 AM

Commands 1 Processed. , Time :11:46:48 AM

Commands 2 Processed. , Time :11:46:48 AM

Commands 3 Processed. , Time :11:46:48 AM

Commands 13 Processed. , Time :11:46:48 AM

Commands 4 Processed. , Time :11:46:48 AM

Commands 5 Processed. , Time :11:46:48 AM

Commands 15 Processed. , Time :11:46:48 AM

Commands 6 Processed. , Time :11:46:48 AM

Commands 7 Processed. , Time :11:46:48 AM

Commands 8 Processed. , Time :11:46:48 AM

Commands 9 Processed. , Time :11:46:48 AM

All commands ready to execute. , Time :11:46:48 AM

DB 'Blank Comment' Processed. , Time :11:46:48 AM

DB Command5 Processed. , Time :11:46:49 AM

DB Command3 Processed. , Time :11:46:54 AM

DB Command15 Processed. , Time :11:46:58 AM

DB Command13 Processed. , Time :11:47:02 AM

DB Command4 Processed. , Time :11:47:06 AM

DB Command8 Processed. , Time :11:47:10 AM

DB Command7 Processed. , Time :11:47:17 AM

DB Command2 Processed. , Time :11:47:21 AM

DB Command1 Processed. , Time :11:47:25 AM

DB Command6 Processed. , Time :11:47:28 AM

DB Command9 Processed. , Time :11:47:32 AM

DB Commands Processed All. , Time :11:47:36 AM

Report Files Deleted. , Time :11:47:36 AM

Report Files Updated. , Time :11:48:57 AM

BindList called. , Time :11:48:57 AM

ShowNextPublish called. , Time :11:48:57 AM
